                0.                 0.         
               10.E-03          -425.295E-06  
               20.E-03            -1.69103E-03
               30.E-03            -3.80518E-03
               40.E-03            -6.7635E-03 
               50.E-03           -10.5674E-03 
               60.E-03           -15.2203E-03 
               70.E-03           -20.7194E-03 
               80.E-03           -27.0742E-03 
               90.E-03           -34.2826E-03 
              100.E-03           -42.3579E-03 
              110.E-03           -51.3041E-03 
              120.E-03           -61.1375E-03 
              130.E-03           -71.8717E-03 
              140.E-03           -83.5266E-03 
              150.E-03           -96.127E-03  
              160.E-03          -109.698E-03  
              170.E-03          -124.276E-03  
              180.E-03          -139.891E-03  
              190.E-03          -156.588E-03  
              200.E-03          -174.405E-03  
              210.E-03          -193.39E-03   
              220.E-03          -213.587E-03  
              230.E-03          -235.045E-03  
              240.E-03          -257.811E-03  
              250.E-03          -281.933E-03  
              260.E-03          -307.456E-03  
              270.E-03          -334.424E-03  
              280.E-03          -362.883E-03  
              290.E-03          -392.87E-03   
              300.E-03          -424.427E-03  
              310.E-03          -457.587E-03  
              320.E-03          -492.386E-03  
              330.E-03          -528.852E-03  
              340.E-03          -567.012E-03  
              350.E-03          -606.89E-03   
              360.E-03          -648.504E-03  
              370.E-03          -691.866E-03  
              380.E-03          -736.983E-03  
              390.E-03          -783.854E-03  
              400.E-03          -832.468E-03  
              410.E-03          -882.801E-03  
              420.E-03          -934.818E-03  
              430.E-03          -988.464E-03  
              440.E-03            -1.04367    
              450.E-03            -1.10033    
              460.E-03            -1.15832    
              470.E-03            -1.21749    
              480.E-03            -1.27764    
              490.E-03            -1.33853    
              500.E-03            -1.39985    
              510.E-03            -1.46125    
              520.E-03            -1.52229    
              530.E-03            -1.58246    
              540.E-03            -1.64115    
              550.E-03            -1.69765    
              560.E-03            -1.75114    
              570.E-03            -1.80072    
              580.E-03            -1.84548    
              590.E-03            -1.8845     
              600.E-03            -1.91701    
              610.E-03            -1.94249    
              620.E-03            -1.9607     
              630.E-03            -1.97175    
              640.E-03            -1.97602    
              650.E-03            -1.9741     
              660.E-03            -1.96667    
              670.E-03            -1.95449    
              680.E-03            -1.93828    
              690.E-03            -1.91871    
              700.E-03            -1.89642    
              710.E-03            -1.87197    
              720.E-03            -1.84585    
              730.E-03            -1.8185     
              740.E-03            -1.79031    
              750.E-03            -1.7616     
              760.E-03            -1.73265    
              770.E-03            -1.7037     
              780.E-03            -1.67492    
              790.E-03            -1.64646    
              800.E-03            -1.61842    
              810.E-03            -1.59088    
              820.E-03            -1.56384    
              830.E-03            -1.5373     
              840.E-03            -1.51119    
              850.E-03            -1.48543    
              860.E-03            -1.45988    
              870.E-03            -1.43437    
              880.E-03            -1.40871    
              890.E-03            -1.38268    
              900.E-03            -1.35608    
              910.E-03            -1.32872    
              920.E-03            -1.30044    
              930.E-03            -1.27117    
              940.E-03            -1.24086    
              950.E-03            -1.20954    
              960.E-03            -1.17729    
              970.E-03            -1.1442     
              980.E-03            -1.11042    
              990.E-03            -1.07608    
                1.                -1.0413     
                1.01              -1.00622    
                1.02            -970.958E-03  
                1.03            -935.617E-03  
                1.04            -900.292E-03  
                1.05            -865.068E-03  
                1.06            -830.019E-03  
                1.07            -795.208E-03  
                1.08            -760.694E-03  
                1.09            -726.526E-03  
                1.1             -692.748E-03  
                1.11            -659.4E-03    
                1.12            -626.516E-03  
                1.13            -594.125E-03  
                1.14            -562.254E-03  
                1.15            -530.926E-03  
                1.16            -500.159E-03  
                1.17            -469.971E-03  
                1.18            -440.375E-03  
                1.19            -411.379E-03  
                1.2             -382.993E-03  
                1.21            -355.22E-03   
                1.22            -328.063E-03  
                1.23            -301.522E-03  
                1.24            -275.596E-03  
                1.25            -250.285E-03  
                1.26            -225.586E-03  
                1.27            -201.501E-03  
                1.28            -178.035E-03  
                1.29            -155.197E-03  
                1.3             -133.006E-03  
                1.31            -111.488E-03  
                1.32             -90.683E-03  
                1.33             -70.6442E-03 
                1.34             -51.4376E-03 
                1.35             -33.1424E-03 
                1.36             -15.8487E-03 
                1.37             346.428E-06  
                1.38              15.3423E-03 
                1.39              29.0397E-03 
                1.4               41.3443E-03 
                1.41              52.1705E-03 
                1.42              61.4429E-03 
                1.43              69.0978E-03 
                1.44              75.0833E-03 
                1.45              79.3584E-03 
                1.46              81.892E-03  
                1.47              82.6617E-03 
                1.48              81.6527E-03 
                1.49              78.8557E-03 
                1.5               74.2662E-03 
                1.51              67.8834E-03 
                1.52              59.7087E-03 
                1.53              49.7453E-03 
                1.54              37.9969E-03 
                1.55              24.4674E-03 
                1.56               9.15965E-03
                1.57              -7.92476E-03
                1.58             -26.7864E-03 
                1.59             -47.4287E-03 
                1.6              -69.8583E-03 
                1.61             -94.0861E-03 
                1.62            -120.127E-03  
                1.63            -148.003E-03  
                1.64            -177.738E-03  
                1.65            -209.365E-03  
                1.66            -242.921E-03  
                1.67            -278.45E-03   
                1.68            -316.001E-03  
                1.69            -355.627E-03  
                1.7             -397.385E-03  
                1.71            -441.333E-03  
                1.72            -487.528E-03  
                1.73            -536.024E-03  
                1.74            -586.868E-03  
                1.75            -640.097E-03  
                1.76            -695.731E-03  
                1.77            -753.773E-03  
                1.78            -814.2E-03    
                1.79            -876.963E-03  
                1.8             -941.977E-03  
                1.81              -1.00912    
                1.82              -1.07824    
                1.83              -1.14912    
                1.84              -1.22151    
                1.85              -1.29511    
                1.86              -1.36954    
                1.87              -1.44437    
                1.88              -1.51907    
                1.89              -1.59301    
                1.9               -1.6654     
                1.91              -1.73527    
                1.92              -1.80134    
                1.93              -1.86193    
                1.94              -1.91483    
                1.95              -1.95725    
                1.96              -1.98607    
                1.97              -1.99862    
                1.98              -1.99379    
                1.99              -1.97261    
                2.                -1.93762    
                2.01              -1.89187    
                2.02              -1.83805    
                2.03              -1.77835    
                2.04              -1.71445    
                2.05              -1.64762    
                2.06              -1.57888    
                2.07              -1.50902    
                2.08              -1.43871    
                2.09              -1.3685     
                2.1               -1.29886    
                2.11              -1.23018    
                2.12              -1.1628     
                2.13              -1.097      
                2.14              -1.03301    
                2.15            -971.017E-03  
                2.16            -911.165E-03  
                2.17            -853.56E-03   
                2.18            -798.27E-03   
                2.19            -745.337E-03  
                2.2             -694.778E-03  
                2.21            -646.586E-03  
                2.22            -600.743E-03  
                2.23            -557.218E-03  
                2.24            -515.97E-03   
                2.25            -476.958E-03  
                2.26            -440.137E-03  
                2.27            -405.465E-03  
                2.28            -372.904E-03  
                2.29            -342.418E-03  
                2.3             -313.977E-03  
                2.31            -287.56E-03   
                2.32            -263.146E-03  
                2.33            -240.726E-03  
                2.34            -220.293E-03  
                2.35            -201.845E-03  
                2.36            -185.385E-03  
                2.37            -170.922E-03  
                2.38            -158.464E-03  
                2.39            -148.023E-03  
                2.4             -139.612E-03  
                2.41            -133.239E-03  
                2.42            -128.913E-03  
                2.43            -126.634E-03  
                2.44            -126.394E-03  
                2.45            -128.168E-03  
                2.46            -131.914E-03  
                2.47            -137.564E-03  
                2.48            -145.019E-03  
                2.49            -154.144E-03  
                2.5             -164.768E-03  
                2.51            -176.69E-03   
                2.52            -189.689E-03  
                2.53            -203.541E-03  
                2.54            -218.041E-03  
                2.55            -233.015E-03  
                2.56            -248.337E-03  
                2.57            -263.925E-03  
                2.58            -279.742E-03  
                2.59            -295.784E-03  
                2.6             -312.072E-03  
                2.61            -328.643E-03  
                2.62            -345.543E-03  
                2.63            -362.821E-03  
                2.64            -380.525E-03  
                2.65            -398.701E-03  
                2.66            -417.39E-03   
                2.67            -436.626E-03  
                2.68            -456.441E-03  
                2.69            -476.858E-03  
                2.7             -497.897E-03  
                2.71            -519.573E-03  
                2.72            -541.897E-03  
                2.73            -564.873E-03  
                2.74            -588.505E-03  
                2.75            -612.793E-03  
                2.76            -637.733E-03  
                2.77            -663.32E-03   
                2.78            -689.548E-03  
                2.79            -716.409E-03  
                2.8             -743.892E-03  
                2.81            -771.99E-03   
                2.82            -800.691E-03  
                2.83            -829.988E-03  
                2.84            -859.869E-03  
                2.85            -890.325E-03  
                2.86            -921.347E-03  
                2.87            -952.926E-03  
                2.88            -985.051E-03  
                2.89              -1.01771    
                2.9               -1.05089    
                2.91              -1.08458    
                2.92              -1.11875    
                2.93              -1.15338    
                2.94              -1.18842    
                2.95              -1.22383    
                2.96              -1.25955    
                2.97              -1.29547    
                2.98              -1.3315     
                2.99              -1.36749    
                3.                -1.40323    
                3.01              -1.43848    
                3.02              -1.47292    
                3.03              -1.50616    
                3.04              -1.53771    
                3.05              -1.56698    
                3.06              -1.59331    
                3.07              -1.61605    
                3.08              -1.63466    
                3.09              -1.6489     
                3.1               -1.6589     
                3.11              -1.66525    
                3.12              -1.66879    
                3.13              -1.67046    
                3.14              -1.67113    
                3.15              -1.6715     
                3.16              -1.67212    
                3.17              -1.6734     
                3.18              -1.6756     
                3.19              -1.67892    
                3.2               -1.68345    
                3.21              -1.68924    
                3.22              -1.69627    
                3.23              -1.70448    
                3.24              -1.71378    
                3.25              -1.72403    
                3.26              -1.73503    
                3.27              -1.74658    
                3.28              -1.7584     
                3.29              -1.77021    
                3.3               -1.78166    
                3.31              -1.79238    
                3.32              -1.80195    
                3.33              -1.80992    
                3.34              -1.81577    
                3.35              -1.81895    
                3.36              -1.81881    
                3.37              -1.81465    
                3.38              -1.80565    
                3.39              -1.7909     
                3.4               -1.76939    
                3.41              -1.74009    
                3.42              -1.70208    
                3.43              -1.65477    
                3.44              -1.5982     
                3.45              -1.53319    
                3.46              -1.46123    
                3.47              -1.38409    
                3.48              -1.30354    
                3.49              -1.22108    
                3.5               -1.13788    
                3.51              -1.05483    
                3.52            -972.59E-03   
                3.53            -891.637E-03  
                3.54            -812.33E-03   
                3.55            -734.935E-03  
                3.56            -659.644E-03  
                3.57            -586.602E-03  
                3.58            -515.911E-03  
                3.59            -447.639E-03  
                3.6             -381.83E-03   
                3.61            -318.507E-03  
                3.62            -257.674E-03  
                3.63            -199.32E-03   
                3.64            -143.424E-03  
                3.65             -89.9525E-03 
                3.66             -38.8654E-03 
                3.67               9.88428E-03
                3.68              56.3482E-03 
                3.69             100.582E-03  
                3.7              142.642E-03  
                3.71             182.588E-03  
                3.72             220.479E-03  
                3.73             256.373E-03  
                3.74             290.328E-03  
                3.75             322.399E-03  
                3.76             352.641E-03  
                3.77             381.104E-03  
                3.78             407.837E-03  
                3.79             432.887E-03  
                3.8              456.297E-03  
                3.81             478.106E-03  
                3.82             498.354E-03  
                3.83             517.074E-03  
                3.84             534.299E-03  
                3.85             550.06E-03   
                3.86             564.383E-03  
                3.87             577.294E-03  
                3.88             588.817E-03  
                3.89             598.974E-03  
                3.9              607.786E-03  
                3.91             615.272E-03  
                3.92             621.449E-03  
                3.93             626.337E-03  
                3.94             629.951E-03  
                3.95             632.307E-03  
                3.96             633.424E-03  
                3.97             633.317E-03  
                3.98             632.002E-03  
                3.99             629.499E-03  
                4.               625.824E-03  
                4.01             620.998E-03  
                4.02             615.04E-03   
                4.03             607.973E-03  
                4.04             599.821E-03  
                4.05             590.609E-03  
                4.06             580.365E-03  
                4.07             569.118E-03  
                4.08             556.899E-03  
                4.09             543.744E-03  
                4.1              529.687E-03  
                4.11             514.769E-03  
                4.12             499.029E-03  
                4.13             482.511E-03  
                4.14             465.258E-03  
                4.15             447.315E-03  
                4.16             428.728E-03  
                4.17             409.543E-03  
                4.18             389.803E-03  
                4.19             369.55E-03   
                4.2              348.821E-03  
                4.21             327.647E-03  
                4.22             306.054E-03  
                4.23             284.055E-03  
                4.24             261.653E-03  
                4.25             238.836E-03  
                4.26             215.576E-03  
                4.27             191.823E-03  
                4.28             167.507E-03  
                4.29             142.535E-03  
                4.3              116.784E-03  
                4.31              90.1089E-03 
                4.32              62.3343E-03 
                4.33              33.2601E-03 
                4.34               2.66218E-03
                4.35             -29.703E-03  
                4.36             -64.0931E-03 
                4.37            -100.773E-03  
                4.38            -140.003E-03  
                4.39            -182.034E-03  
                4.4             -227.086E-03  
                4.41            -275.348E-03  
                4.42            -326.954E-03  
                4.43            -381.981E-03  
                4.44            -440.44E-03   
                4.45            -502.267E-03  
                4.46            -567.324E-03  
                4.47            -635.405E-03  
                4.48            -706.237E-03  
                4.49            -779.493E-03  
                4.5             -854.8E-03    
                4.51            -931.756E-03  
                4.52              -1.00993    
                4.53              -1.0889     
                4.54              -1.16821    
                4.55              -1.24743    
                4.56              -1.3261     
                4.57              -1.40377    
                4.58              -1.47996    
                4.59              -1.55414    
                4.6               -1.6257     
                4.61              -1.69389    
                4.62              -1.75774    
                4.63              -1.81593    
                4.64              -1.86655    
                4.65              -1.90685    
                4.66              -1.93284    
                4.67              -1.93951    
                4.68              -1.92243    
                4.69              -1.88081    
                4.7               -1.81864    
                4.71              -1.7421     
                4.72              -1.65655    
                4.73              -1.56565    
                4.74              -1.47173    
                4.75              -1.37627    
                4.76              -1.28025    
                4.77              -1.18437    
                4.78              -1.08918    
                4.79            -995.108E-03  
                4.8             -902.544E-03  
                4.81            -811.843E-03  
                4.82            -723.346E-03  
                4.83            -637.397E-03  
                4.84            -554.339E-03  
                4.85            -474.525E-03  
                4.86            -398.318E-03  
                4.87            -326.086E-03  
                4.88            -258.205E-03  
                4.89            -195.052E-03  
                4.9             -136.998E-03  
                4.91             -84.4061E-03 
                4.92             -37.6238E-03 
                4.93               3.02612E-03
                4.94              37.25E-03   
                4.95              64.7908E-03 
                4.96              85.4337E-03 
                4.97              99.0121E-03 
                4.98             105.413E-03  
                4.99             104.584E-03  
                5.                96.5374E-03 




